WARNING: Could not find any nv files on this host!
2023-12-15 16:43:22.208601: I tensorflow/core/util/port.cc:113] oneDNN custom operations are on. You may see slightly different numerical results due to floating-point round-off errors from different computation orders. To turn them off, set the environment variable `TF_ENABLE_ONEDNN_OPTS=0`.
2023-12-15 16:43:27.685742: I external/local_tsl/tsl/cuda/cudart_stub.cc:31] Could not find cuda drivers on your machine, GPU will not be used.
2023-12-15 16:43:29.252211: E external/local_xla/xla/stream_executor/cuda/cuda_dnn.cc:9261] Unable to register cuDNN factory: Attempting to register factory for plugin cuDNN when one has already been registered
2023-12-15 16:43:29.252261: E external/local_xla/xla/stream_executor/cuda/cuda_fft.cc:607] Unable to register cuFFT factory: Attempting to register factory for plugin cuFFT when one has already been registered
2023-12-15 16:43:29.485120: E external/local_xla/xla/stream_executor/cuda/cuda_blas.cc:1515] Unable to register cuBLAS factory: Attempting to register factory for plugin cuBLAS when one has already been registered
2023-12-15 16:43:30.224339: I external/local_tsl/tsl/cuda/cudart_stub.cc:31] Could not find cuda drivers on your machine, GPU will not be used.
2023-12-15 16:43:30.224545: I tensorflow/core/platform/cpu_feature_guard.cc:182] This TensorFlow binary is optimized to use available CPU instructions in performance-critical operations.
To enable the following instructions: AVX2 AVX512F AVX512_VNNI FMA, in other operations, rebuild TensorFlow with the appropriate compiler flags.
2023-12-15 16:44:04.149825: W tensorflow/compiler/tf2tensorrt/utils/py_utils.cc:38] TF-TRT Warning: Could not find TensorRT
Processing Images: 0/16 tasks completed. Elapsed time: 5.00s, Estimated time remaining: 0.00s.
Processing Images: 0/16 tasks completed. Elapsed time: 10.00s, Estimated time remaining: 0.00s.
Processing Images: 0/16 tasks completed. Elapsed time: 15.00s, Estimated time remaining: 0.00s.
Processing Images: 0/16 tasks completed. Elapsed time: 20.00s, Estimated time remaining: 0.00s.
Processing Images: 0/16 tasks completed. Elapsed time: 25.00s, Estimated time remaining: 0.00s.
Processing Images: 0/16 tasks completed. Elapsed time: 30.00s, Estimated time remaining: 0.00s.
Processing Images: 0/16 tasks completed. Elapsed time: 35.00s, Estimated time remaining: 0.00s.
Processing Images: 0/16 tasks completed. Elapsed time: 40.00s, Estimated time remaining: 0.00s.
Processing Images: 0/16 tasks completed. Elapsed time: 45.00s, Estimated time remaining: 0.00s.
Processing Images: 0/16 tasks completed. Elapsed time: 50.00s, Estimated time remaining: 0.00s.
Processing Images: 0/16 tasks completed. Elapsed time: 55.00s, Estimated time remaining: 0.00s.
Processing Images: 0/16 tasks completed. Elapsed time: 60.16s, Estimated time remaining: 0.00s.
Processing Images: 4/16 tasks completed. Elapsed time: 65.16s, Estimated time remaining: 195.49s.
Processing Images: 7/16 tasks completed. Elapsed time: 70.53s, Estimated time remaining: 90.69s.
Processing Images: 11/16 tasks completed. Elapsed time: 75.53s, Estimated time remaining: 34.33s.
Processing Images: 14/16 tasks completed. Elapsed time: 80.66s, Estimated time remaining: 11.52s.
Processing Images: 16/16 tasks completed. Elapsed time: 85.66s, Estimated time remaining: 0.00s.
